# JRE version: OpenJDK Runtime Environment (19.0.2+7) (build 19.0.2+7-44)
# Java VM: OpenJDK 64-Bit Server VM (19.0.2+7-44, mixed mode, sharing, tiered, compressed oops, compressed class ptrs, g1 gc, windows-amd64)
GC Precious Log:
 CardTable entry size: 512
 Card Set container configuration: InlinePtr #cards 5 size 8 Array Of Cards #cards 12 size 40 Howl #buckets 4 coarsen threshold 1843 Howl Bitmap #cards 512 size 80 coarsen threshold 460 Card regions per heap region 1 cards per card region 2048
 CPUs: 4 total, 4 available
 Memory: 7960M
 Large Page Support: Disabled
 NUMA Support: Disabled
 Compressed Oops: Enabled (32-bit)
 Heap Region Size: 1M
 Heap Min Capacity: 8M
 Heap Initial Capacity: 126M
 Heap Max Capacity: 1992M
 Pre-touch: Disabled
 Parallel Workers: 4
 Concurrent Workers: 1
 Concurrent Refinement Workers: 4
 Periodic GC: Disabled
Heap:
 garbage-first heap   total 55296K, used 33731K [0x0000000083800000, 0x0000000100000000)
  region size 1024K, 9 young (9216K), 2 survivors (2048K)
 Metaspace       used 66743K, committed 67456K, reserved 1114112K
  class space    used 8320K, committed 8640K, reserved 1048576K
GC Heap History (20 events):
Event: 248045.853 GC heap before
{Heap before GC invocations=87 (full 2):
 garbage-first heap   total 51200K, used 39386K [0x0000000083800000, 0x0000000100000000)
  region size 1024K, 17 young (17408K), 2 survivors (2048K)
 Metaspace       used 66105K, committed 66752K, reserved 1114112K
  class space    used 8284K, committed 8576K, reserved 1048576K
}
Event: 248045.857 GC heap after
{Heap after GC invocations=88 (full 2):
 garbage-first heap   total 51200K, used 25066K [0x0000000083800000, 0x0000000100000000)
  region size 1024K, 2 young (2048K), 2 survivors (2048K)
 Metaspace       used 66105K, committed 66752K, reserved 1114112K
  class space    used 8284K, committed 8576K, reserved 1048576K
}
Event: 248045.878 GC heap before
{Heap before GC invocations=88 (full 2):
 garbage-first heap   total 51200K, used 26090K [0x0000000083800000, 0x0000000100000000)
  region size 1024K, 3 young (3072K), 2 survivors (2048K)
 Metaspace       used 66110K, committed 66752K, reserved 1114112K
  class space    used 8284K, committed 8576K, reserved 1048576K
}
Event: 248045.881 GC heap after
{Heap after GC invocations=89 (full 2):
 garbage-first heap   total 51200K, used 25303K [0x0000000083800000, 0x0000000100000000)
  region size 1024K, 1 young (1024K), 1 survivors (1024K)
 Metaspace       used 66110K, committed 66752K, reserved 1114112K
  class space    used 8284K, committed 8576K, reserved 1048576K
}
Event: 248046.452 GC heap before
{Heap before GC invocations=89 (full 2):
 garbage-first heap   total 51200K, used 38615K [0x0000000083800000, 0x0000000100000000)
  region size 1024K, 15 young (15360K), 1 survivors (1024K)
 Metaspace       used 66289K, committed 66944K, reserved 1114112K
  class space    used 8293K, committed 8576K, reserved 1048576K
}
Event: 248046.455 GC heap after
{Heap after GC invocations=90 (full 2):
 garbage-first heap   total 51200K, used 26630K [0x0000000083800000, 0x0000000100000000)
  region size 1024K, 2 young (2048K), 2 survivors (2048K)
 Metaspace       used 66289K, committed 66944K, reserved 1114112K
  class space    used 8293K, committed 8576K, reserved 1048576K
}
Event: 248223.775 GC heap before
{Heap before GC invocations=91 (full 2):
 garbage-first heap   total 55296K, used 38918K [0x0000000083800000, 0x0000000100000000)
  region size 1024K, 14 young (14336K), 2 survivors (2048K)
 Metaspace       used 66388K, committed 67008K, reserved 1114112K
  class space    used 8299K, committed 8576K, reserved 1048576K
}
Event: 248223.778 GC heap after
{Heap after GC invocations=92 (full 2):
 garbage-first heap   total 55296K, used 27355K [0x0000000083800000, 0x0000000100000000)
  region size 1024K, 1 young (1024K), 1 survivors (1024K)
 Metaspace       used 66388K, committed 67008K, reserved 1114112K
  class space    used 8299K, committed 8576K, reserved 1048576K
}
Event: 248308.423 GC heap before
{Heap before GC invocations=92 (full 2):
 garbage-first heap   total 55296K, used 28379K [0x0000000083800000, 0x0000000100000000)
  region size 1024K, 2 young (2048K), 1 survivors (1024K)
 Metaspace       used 66388K, committed 67008K, reserved 1114112K
  class space    used 8299K, committed 8576K, reserved 1048576K
}
Event: 248308.429 GC heap after
{Heap after GC invocations=93 (full 2):
 garbage-first heap   total 55296K, used 27306K [0x0000000083800000, 0x0000000100000000)
  region size 1024K, 1 young (1024K), 1 survivors (1024K)
 Metaspace       used 66388K, committed 67008K, reserved 1114112K
  class space    used 8299K, committed 8576K, reserved 1048576K
}
Event: 248402.807 GC heap before
{Heap before GC invocations=93 (full 2):
 garbage-first heap   total 55296K, used 28330K [0x0000000083800000, 0x0000000100000000)
  region size 1024K, 3 young (3072K), 1 survivors (1024K)
 Metaspace       used 66404K, committed 67072K, reserved 1114112K
  class space    used 8300K, committed 8576K, reserved 1048576K
}
Event: 248402.862 GC heap after
{Heap after GC invocations=94 (full 3):
 garbage-first heap   total 55296K, used 22596K [0x0000000083800000, 0x0000000100000000)
  region size 1024K, 0 young (0K), 0 survivors (0K)
 Metaspace       used 66402K, committed 67072K, reserved 1114112K
  class space    used 8299K, committed 8576K, reserved 1048576K
}
Event: 248404.053 GC heap before
{Heap before GC invocations=94 (full 3):
 garbage-first heap   total 55296K, used 42052K [0x0000000083800000, 0x0000000100000000)
  region size 1024K, 20 young (20480K), 0 survivors (0K)
 Metaspace       used 66460K, committed 67072K, reserved 1114112K
  class space    used 8300K, committed 8576K, reserved 1048576K
}
Event: 248404.058 GC heap after
{Heap after GC invocations=95 (full 3):
 garbage-first heap   total 55296K, used 24480K [0x0000000083800000, 0x0000000100000000)
  region size 1024K, 2 young (2048K), 2 survivors (2048K)
 Metaspace       used 66460K, committed 67072K, reserved 1114112K
  class space    used 8300K, committed 8576K, reserved 1048576K
}
Event: 248404.696 GC heap before
{Heap before GC invocations=96 (full 3):
 garbage-first heap   total 55296K, used 42912K [0x0000000083800000, 0x0000000100000000)
  region size 1024K, 20 young (20480K), 2 survivors (2048K)
 Metaspace       used 66600K, committed 67328K, reserved 1114112K
  class space    used 8313K, committed 8640K, reserved 1048576K
}
Event: 248404.700 GC heap after
{Heap after GC invocations=97 (full 3):
 garbage-first heap   total 55296K, used 25952K [0x0000000083800000, 0x0000000100000000)
  region size 1024K, 2 young (2048K), 2 survivors (2048K)
 Metaspace       used 66600K, committed 67328K, reserved 1114112K
  class space    used 8313K, committed 8640K, reserved 1048576K
}
Event: 248404.751 GC heap before
{Heap before GC invocations=97 (full 3):
 garbage-first heap   total 55296K, used 26976K [0x0000000083800000, 0x0000000100000000)
  region size 1024K, 3 young (3072K), 2 survivors (2048K)
 Metaspace       used 66638K, committed 67328K, reserved 1114112K
  class space    used 8317K, committed 8640K, reserved 1048576K
}
Event: 248404.754 GC heap after
{Heap after GC invocations=98 (full 3):
 garbage-first heap   total 55296K, used 25879K [0x0000000083800000, 0x0000000100000000)
  region size 1024K, 1 young (1024K), 1 survivors (1024K)
 Metaspace       used 66638K, committed 67328K, reserved 1114112K
  class space    used 8317K, committed 8640K, reserved 1048576K
}
Event: 248405.282 GC heap before
{Heap before GC invocations=98 (full 3):
 garbage-first heap   total 55296K, used 43287K [0x0000000083800000, 0x0000000100000000)
  region size 1024K, 18 young (18432K), 1 survivors (1024K)
 Metaspace       used 66733K, committed 67456K, reserved 1114112K
  class space    used 8320K, committed 8640K, reserved 1048576K
}
Event: 248405.295 GC heap after
{Heap after GC invocations=99 (full 3):
 garbage-first heap   total 55296K, used 27587K [0x0000000083800000, 0x0000000100000000)
  region size 1024K, 2 young (2048K), 2 survivors (2048K)
 Metaspace       used 66733K, committed 67456K, reserved 1114112K
  class space    used 8320K, committed 8640K, reserved 1048576K
}

